#
# There is insufficient memory for the Java Runtime Environment to continue.
# Native memory allocation (mmap) failed to map 117440512 bytes for G1 virtual space
# Possible reasons:
#   The system is out of physical RAM or swap space
#   The process is running with CompressedOops enabled, and the Java Heap may be blocking the growth of the native heap
# Possible solutions:
#   Reduce memory load on the system
#   Increase physical memory or swap space
#   Check if swap backing store is full
#   Decrease Java heap size (-Xmx/-Xms)
#   Decrease number of Java threads
#   Decrease Java thread stack sizes (-Xss)
#   Set larger code cache with -XX:ReservedCodeCacheSize=
#   JVM is running with Unscaled Compressed Oops mode in which the Java heap is
#     placed in the first 4GB address space. The Java Heap base address is the
#     maximum limit for the native heap growth. Please use -XX:HeapBaseMinAddress
#     to set the Java Heap base and to place the Java Heap above 4GB virtual address.
# This output file may be truncated or incomplete.
#
#  Out of Memory Error (os_windows.cpp:3469), pid=7756, tid=17416
#
# JRE version:  (17.0.1+12) (build )
# Java VM: OpenJDK 64-Bit Server VM (17.0.1+12-39, mixed mode, sharing, tiered, compressed oops, compressed class ptrs, g1 gc, windows-amd64)
# No core dump will be written. Minidumps are not enabled by default on client versions of Windows
#

---------------  S U M M A R Y ------------

Command Line: C:\Users\Matte\AppData\Local\Temp\surefire5284309408865430236\surefirebooter-20231122200422259_3.jar C:\Users\Matte\AppData\Local\Temp\surefire5284309408865430236 2023-11-22T20-04-21_954-jvmRun1 surefire-20231122200422259_1tmp surefire_0-20231122200422259_2tmp

Host: AMD Ryzen 5 2500U with Radeon Vega Mobile Gfx  , 8 cores, 6G,  Windows 10 , 64 bit Build 19041 (10.0.19041.3636)
Time: Wed Nov 22 20:04:22 2023 ora solare Europa occidentale elapsed time: 0.019813 seconds (0d 0h 0m 0s)

---------------  T H R E A D  ---------------

Current thread (0x00000195aff4fa90):  JavaThread "Unknown thread" [_thread_in_vm, id=17416, stack(0x000000381cd00000,0x000000381ce00000)]

Stack: [0x000000381cd00000,0x000000381ce00000]
Native frames: (J=compiled Java code, j=interpreted, Vv=VM code, C=native code)
V  [jvm.dll+0x66fa1a]
V  [jvm.dll+0x7ce5a4]
V  [jvm.dll+0x7cfd4e]
V  [jvm.dll+0x7d03b3]
V  [jvm.dll+0x242b05]
V  [jvm.dll+0x66ca39]
V  [jvm.dll+0x661502]
V  [jvm.dll+0x30081b]
V  [jvm.dll+0x307da6]
V  [jvm.dll+0x357a1e]
V  [jvm.dll+0x357c4f]
V  [jvm.dll+0x2d7ad8]
V  [jvm.dll+0x2d8a44]
V  [jvm.dll+0x7a01e1]
V  [jvm.dll+0x365791]
V  [jvm.dll+0x77f6cc]
V  [jvm.dll+0x3e812f]
V  [jvm.dll+0x3e9bd1]
C  [jli.dll+0x527b]
C  [ucrtbase.dll+0x21bb2]
C  [KERNEL32.DLL+0x17344]
C  [ntdll.dll+0x526b1]


---------------  P R O C E S S  ---------------

Threads class SMR info:
_java_thread_list=0x00007ffe13857818, length=0, elements={
}

Java Threads: ( => current thread )

Other Threads:
  0x00000195aff8b2a0 GCTaskThread "GC Thread#0" [stack: 0x000000381ce00000,0x000000381cf00000] [id=15440]
  0x00000195aff99ee0 ConcurrentGCThread "G1 Main Marker" [stack: 0x000000381cf00000,0x000000381d000000] [id=22256]
  0x00000195aff9b090 ConcurrentGCThread "G1 Conc#0" [stack: 0x000000381d000000,0x000000381d100000] [id=14360]

[error occurred during error reporting (printing all threads), id 0xc0000005, EXCEPTION_ACCESS_VIOLATION (0xc0000005) at pc=0x00007ffe130a84b7]

VM state: not at safepoint (not fully initialized)

VM Mutex/Monitor currently owned by a thread:  ([mutex/lock_event])
[0x00000195aff4ced0] Heap_lock - owner thread: 0x00000195aff4fa90

Heap address: 0x0000000091800000, size: 1768 MB, Compressed Oops mode: 32-bit

CDS archive(s) mapped at: [0x0000000000000000-0x0000000000000000-0x0000000000000000), size 0, SharedBaseAddress: 0x0000000800000000, ArchiveRelocationMode: 0.
Narrow klass base: 0x0000000000000000, Narrow klass shift: 0, Narrow klass range: 0x0

GC Precious Log:
<Empty>

Heap:
 garbage-first heap   total 0K, used 0K [0x0000000091800000, 0x0000000100000000)
  region size 1024K, 0 young (0K), 0 survivors (0K)

[error occurred during error reporting (printing heap information), id 0xc0000005, EXCEPTION_ACCESS_VIOLATION (0xc0000005) at pc=0x00007ffe13488d89]

GC Heap History (0 events):
No events

Deoptimization events (0 events):
No events

Classes unloaded (0 events):
No events

Classes redefined (0 events):
No events

Internal exceptions (0 events):
No events

VM Operations (0 events):
No events

Events (1 events):
Event: 0.010 Loaded shared library C:\Users\Matte\.jdks\openjdk-17.0.1\bin\java.dll


Dynamic libraries:
0x00007ff6ce310000 - 0x00007ff6ce31e000 	C:\Users\Matte\.jdks\openjdk-17.0.1\bin\java.exe
0x00007ffec4bb0000 - 0x00007ffec4da8000 	C:\WINDOWS\SYSTEM32\ntdll.dll
0x00007ffec35f0000 - 0x00007ffec36ad000 	C:\WINDOWS\System32\KERNEL32.DLL
0x00007ffec2740000 - 0x00007ffec2a36000 	C:\WINDOWS\System32\KERNELBASE.dll
0x00007ffec2420000 - 0x00007ffec2520000 	C:\WINDOWS\System32\ucrtbase.dll
0x00007ffeaf430000 - 0x00007ffeaf44a000 	C:\Users\Matte\.jdks\openjdk-17.0.1\bin\VCRUNTIME140.dll
0x00007ffeaff20000 - 0x00007ffeaff38000 	C:\Users\Matte\.jdks\openjdk-17.0.1\bin\jli.dll
0x00007ffec2dc0000 - 0x00007ffec2f5e000 	C:\WINDOWS\System32\USER32.dll
0x00007ffec2520000 - 0x00007ffec2542000 	C:\WINDOWS\System32\win32u.dll
0x00007ffeb2240000 - 0x00007ffeb24da000 	C:\WINDOWS\WinSxS\amd64_microsoft.windows.common-controls_6595b64144ccf1df_6.0.19041.3636_none_60b6a03d71f818d5\COMCTL32.dll
0x00007ffec3330000 - 0x00007ffec335c000 	C:\WINDOWS\System32\GDI32.dll
0x00007ffec3020000 - 0x00007ffec30be000 	C:\WINDOWS\System32\msvcrt.dll
0x00007ffec2af0000 - 0x00007ffec2c0a000 	C:\WINDOWS\System32\gdi32full.dll
0x00007ffec2630000 - 0x00007ffec26cd000 	C:\WINDOWS\System32\msvcp_win.dll
0x00007ffec3220000 - 0x00007ffec3250000 	C:\WINDOWS\System32\IMM32.DLL
0x00007ffeb0910000 - 0x00007ffeb091c000 	C:\Users\Matte\.jdks\openjdk-17.0.1\bin\vcruntime140_1.dll
0x00007ffe25730000 - 0x00007ffe257bd000 	C:\Users\Matte\.jdks\openjdk-17.0.1\bin\msvcp140.dll
0x00007ffe12dc0000 - 0x00007ffe1397e000 	C:\Users\Matte\.jdks\openjdk-17.0.1\bin\server\jvm.dll
0x00007ffec3490000 - 0x00007ffec353f000 	C:\WINDOWS\System32\ADVAPI32.dll
0x00007ffec36e0000 - 0x00007ffec377c000 	C:\WINDOWS\System32\sechost.dll
0x00007ffec4370000 - 0x00007ffec4496000 	C:\WINDOWS\System32\RPCRT4.dll
0x00007ffec3210000 - 0x00007ffec3218000 	C:\WINDOWS\System32\PSAPI.DLL
0x00007ffeb7160000 - 0x00007ffeb7187000 	C:\WINDOWS\SYSTEM32\WINMM.dll
0x00007ffeb97a0000 - 0x00007ffeb97aa000 	C:\WINDOWS\SYSTEM32\VERSION.dll
0x00007ffea6180000 - 0x00007ffea6189000 	C:\WINDOWS\SYSTEM32\WSOCK32.dll
0x00007ffec30c0000 - 0x00007ffec312b000 	C:\WINDOWS\System32\WS2_32.dll
0x00007ffec0110000 - 0x00007ffec0122000 	C:\WINDOWS\SYSTEM32\kernel.appcore.dll
0x00007ffeafd00000 - 0x00007ffeafd0a000 	C:\Users\Matte\.jdks\openjdk-17.0.1\bin\jimage.dll
0x00007ffeb0450000 - 0x00007ffeb0634000 	C:\WINDOWS\SYSTEM32\DBGHELP.DLL
0x00007ffeb0d10000 - 0x00007ffeb0d44000 	C:\WINDOWS\SYSTEM32\dbgcore.DLL
0x00007ffec2550000 - 0x00007ffec25d2000 	C:\WINDOWS\System32\bcryptPrimitives.dll
0x00007ffe38dc0000 - 0x00007ffe38de5000 	C:\Users\Matte\.jdks\openjdk-17.0.1\bin\java.dll

dbghelp: loaded successfully - version: 4.0.5 - missing functions: none
symbol engine: initialized successfully - sym options: 0x614 - pdb path: .;C:\Users\Matte\.jdks\openjdk-17.0.1\bin;C:\WINDOWS\SYSTEM32;C:\WINDOWS\WinSxS\amd64_microsoft.windows.common-controls_6595b64144ccf1df_6.0.19041.3636_none_60b6a03d71f818d5;C:\Users\Matte\.jdks\openjdk-17.0.1\bin\server

VM Arguments:
java_command: C:\Users\Matte\AppData\Local\Temp\surefire5284309408865430236\surefirebooter-20231122200422259_3.jar C:\Users\Matte\AppData\Local\Temp\surefire5284309408865430236 2023-11-22T20-04-21_954-jvmRun1 surefire-20231122200422259_1tmp surefire_0-20231122200422259_2tmp
java_class_path (initial): C:\Users\Matte\AppData\Local\Temp\surefire5284309408865430236\surefirebooter-20231122200422259_3.jar
Launcher Type: SUN_STANDARD

[Global flags]
     intx CICompilerCount                          = 4                                         {product} {ergonomic}
     uint ConcGCThreads                            = 2                                         {product} {ergonomic}
     uint G1ConcRefinementThreads                  = 8                                         {product} {ergonomic}
   size_t G1HeapRegionSize                         = 1048576                                   {product} {ergonomic}
    uintx GCDrainStackTargetSize                   = 64                                        {product} {ergonomic}
   size_t InitialHeapSize                          = 117440512                                 {product} {ergonomic}
   size_t MarkStackSize                            = 4194304                                   {product} {ergonomic}
   size_t MaxHeapSize                              = 1853882368                                {product} {ergonomic}
   size_t MinHeapDeltaBytes                        = 1048576                                   {product} {ergonomic}
   size_t MinHeapSize                              = 8388608                                   {product} {ergonomic}
    uintx NonNMethodCodeHeapSize                   = 5839372                                {pd product} {ergonomic}
    uintx NonProfiledCodeHeapSize                  = 122909434                              {pd product} {ergonomic}
    uintx ProfiledCodeHeapSize                     = 122909434                              {pd product} {ergonomic}
    uintx ReservedCodeCacheSize                    = 251658240                              {pd product} {ergonomic}
     bool SegmentedCodeCache                       = true                                      {product} {ergonomic}
   size_t SoftMaxHeapSize                          = 1853882368                             {manageable} {ergonomic}
     bool UseCompressedClassPointers               = true                           {product lp64_product} {ergonomic}
     bool UseCompressedOops                        = true                           {product lp64_product} {ergonomic}
     bool UseG1GC                                  = true                                      {product} {ergonomic}
     bool UseLargePagesIndividualAllocation        = false                                  {pd product} {ergonomic}

Logging:
Log output configuration:
 #0: stdout all=warning uptime,level,tags
 #1: stderr all=off uptime,level,tags

Environment Variables:
JAVA_HOME=C:\Program Files\Java\jdk-17
PATH=C:\Program Files (x86)\Common Files\Intel\Shared Libraries\redist\intel64\compiler;C:\Program Files (x86)\NVIDIA Corporation\PhysX\Common;C:\WINDOWS\system32;C:\WINDOWS;C:\WINDOWS\System32\Wbem;C:\WINDOWS\System32\WindowsPowerShell\v1.0\;C:\WINDOWS\System32\OpenSSH\;C:\Program Files\Intel\WiFi\bin\;C:\Program Files\Common Files\Intel\WirelessCommon\;C:\ProgramData\chocolatey\bin;C:\Users\Matte\Desktop\programming\c++\mingw32\bin;C:\Program Files\Docker\Docker\resources\bin;C:\Program Files\Git\cmd;C:\Users\Matte\AppData\Local\Microsoft\WindowsApps;C:\Users\Matte\AppData\Local\Microsoft\WindowsApps;C:\Program Files\MongoDB\Server\5.0\bin;C:\Users\Matte\AppData\Local\Programs\Microsoft VS Code\bin;C:\Users\Matte\AppData\Local\Yarn\bin;C:\Users\Matte\.local\bin;C:\Users\Matte\AppData\Roaming\Python\Python311\Scripts;C:\Users\Matte\go-ipfs;C:\Users\Matte\Desktop\programming\c++\mingw32\bin;C:\Users\Matte\AppData\Roaming\TinyTeX\bin\windows
USERNAME=Matte
OS=Windows_NT
PROCESSOR_IDENTIFIER=AMD64 Family 23 Model 17 Stepping 0, AuthenticAMD



---------------  S Y S T E M  ---------------

OS:
 Windows 10 , 64 bit Build 19041 (10.0.19041.3636)
OS uptime: 0 days 12:14 hours
Hyper-V role detected

CPU: total 8 (initial active 8) (8 cores per cpu, 2 threads per core) family 23 model 17 stepping 0 microcode 0x0, cx8, cmov, fxsr, ht, mmx, 3dnowpref, sse, sse2, sse3, ssse3, sse4a, sse4.1, sse4.2, popcnt, lzcnt, tsc, tscinvbit, avx, avx2, aes, clmul, bmi1, bmi2, adx, sha, fma, vzeroupper, clflush, clflushopt, hv

Memory: 4k page, system-wide physical 7069M (619M free)
TotalPageFile size 13303M (AvailPageFile size 84M)
current process WorkingSet (physical memory assigned to process): 10M, peak: 10M
current process commit charge ("private bytes"): 60M, peak: 171M

vm_info: OpenJDK 64-Bit Server VM (17.0.1+12-39) for windows-amd64 JRE (17.0.1+12-39), built on Sep 27 2021 18:39:29 by "mach5one" with MS VC++ 16.8 (VS2019)

END.
